WARNING 2019-08-21 12:14:36,583 base 152 Not Found: /carts/simple/
WARNING 2019-08-21 12:14:36,587 basehttp 124 "GET /carts/simple/ HTTP/1.1" 404 1973
WARNING 2019-08-21 12:14:36,654 base 152 Not Found: /favicon.ico
WARNING 2019-08-21 12:14:36,660 basehttp 124 "GET /favicon.ico HTTP/1.1" 404 1967
INFO 2019-08-21 12:18:34,721 basehttp 124 "GET / HTTP/1.1" 200 1716
WARNING 2019-08-21 12:18:35,414 base 152 Not Found: /favicon.ico
WARNING 2019-08-21 12:18:35,421 basehttp 124 "GET /favicon.ico HTTP/1.1" 404 1967
WARNING 2019-08-21 12:18:55,897 base 152 Not Found: /index.html
WARNING 2019-08-21 12:18:55,923 basehttp 124 "GET /index.html HTTP/1.1" 404 1964
WARNING 2019-08-21 12:21:25,213 basehttp 124 "GET /static/index.html127.0.0.1:8008/static/index.html HTTP/1.1" 404 1739
WARNING 2019-08-21 12:21:31,833 basehttp 124 "GET /static/index.html127.0.0.1:8008/static/index.html HTTP/1.1" 404 1739
INFO 2019-08-21 12:22:23,099 basehttp 124 "GET /static/index.html HTTP/1.1" 200 24634
INFO 2019-08-21 12:22:23,138 basehttp 124 "GET /static/css/reset.css HTTP/1.1" 200 638
INFO 2019-08-21 12:22:23,155 basehttp 124 "GET /static/css/main.css HTTP/1.1" 200 39722
INFO 2019-08-21 12:22:23,157 basehttp 124 "GET /static/js/host.js HTTP/1.1" 200 75
INFO 2019-08-21 12:22:23,196 basehttp 124 "GET /static/js/axios-0.18.0.min.js HTTP/1.1" 200 12941
INFO 2019-08-21 12:22:23,199 basehttp 124 "GET /static/js/vue-2.5.16.js HTTP/1.1" 200 289307
INFO 2019-08-21 12:22:23,201 basehttp 124 "GET /static/js/jquery-1.12.4.min.js HTTP/1.1" 200 97163
INFO 2019-08-21 12:22:23,207 basehttp 124 "GET /static/images/logo.png HTTP/1.1" 200 7450
INFO 2019-08-21 12:22:23,214 basehttp 124 "GET /static/images/goods/goods001.jpg HTTP/1.1" 200 5391
INFO 2019-08-21 12:22:23,250 basehttp 124 "GET /static/js/slide.js HTTP/1.1" 200 1822
INFO 2019-08-21 12:22:23,267 basehttp 124 "GET /static/js/index.js HTTP/1.1" 200 1727
INFO 2019-08-21 12:22:23,273 basehttp 124 "GET /static/js/common.js HTTP/1.1" 200 891
INFO 2019-08-21 12:22:23,337 basehttp 124 "GET /static/images/goods/goods002.jpg HTTP/1.1" 200 5377
INFO 2019-08-21 12:22:23,350 basehttp 124 "GET /static/images/slide01.jpg HTTP/1.1" 200 67813
INFO 2019-08-21 12:22:23,362 basehttp 124 "GET /static/images/slide02.jpg HTTP/1.1" 200 89905
INFO 2019-08-21 12:22:23,374 basehttp 124 "GET /static/images/slide03.jpg HTTP/1.1" 200 70152
INFO 2019-08-21 12:22:23,389 basehttp 124 "GET /static/images/slide04.jpg HTTP/1.1" 200 107973
INFO 2019-08-21 12:22:23,410 basehttp 124 "GET /static/images/adv01.jpg HTTP/1.1" 200 39831
INFO 2019-08-21 12:22:23,421 basehttp 124 "GET /static/images/banner01.jpg HTTP/1.1" 200 23658
INFO 2019-08-21 12:22:23,431 basehttp 124 "GET /static/images/goods/goods003.jpg HTTP/1.1" 200 8579
INFO 2019-08-21 12:22:23,439 basehttp 124 "GET /static/images/goods/goods004.jpg HTTP/1.1" 200 6565
INFO 2019-08-21 12:22:23,453 basehttp 124 "GET /static/images/goods/goods005.jpg HTTP/1.1" 200 7578
INFO 2019-08-21 12:22:23,464 basehttp 124 "GET /static/images/banner02.jpg HTTP/1.1" 200 26729
INFO 2019-08-21 12:22:23,466 basehttp 124 "GET /static/images/goods/goods008.jpg HTTP/1.1" 200 7072
INFO 2019-08-21 12:22:23,482 basehttp 124 "GET /static/images/banner03.jpg HTTP/1.1" 200 22681
INFO 2019-08-21 12:22:23,486 basehttp 124 "GET /static/images/goods/goods009.jpg HTTP/1.1" 200 8738
INFO 2019-08-21 12:22:23,497 basehttp 124 "GET /static/images/icons.png HTTP/1.1" 200 7740
WARNING 2019-08-21 12:22:24,094 base 152 Not Found: /carts/simple/
WARNING 2019-08-21 12:22:24,105 basehttp 124 "GET /carts/simple/ HTTP/1.1" 404 1973
WARNING 2019-08-21 12:23:02,010 base 152 Not Found: /carts/simple/
WARNING 2019-08-21 12:23:02,016 basehttp 124 "GET /carts/simple/ HTTP/1.1" 404 1973
